Using pre-set license
Built from '2022.3/release' branch; Version is '2022.3.5f1 (9674261d40ee) revision 9860134'; Using compiler version '192829333'; Build Type 'Release'
OS: 'Windows 11  (10.0.22621) 64bit CoreSingleLanguage' Language: 'tr' Physical Memory: 16163 MB
BatchMode: 1, IsHumanControllingUs: 0, StartBugReporterOnCrash: 0, Is64bit: 1, IsPro: 1

COMMAND LINE ARGUMENTS:
C:\Program Files\Unity\Hub\Editor\2022.3.5f1\Editor\Unity.exe
-adb2
-batchMode
-noUpm
-name
AssetImportWorker0
-projectPath
C:/Users/muham/Desktop/StateMachine
-logFile
Logs/AssetImportWorker0.log
-srvPort
59546
Successfully changed project path to: C:/Users/muham/Desktop/StateMachine
C:/Users/muham/Desktop/StateMachine
[UnityMemory] Configuration Parameters - Can be set up in boot.config
    "memorysetup-bucket-allocator-granularity=16"
    "memorysetup-bucket-allocator-bucket-count=8"
    "memorysetup-bucket-allocator-block-size=33554432"
    "memorysetup-bucket-allocator-block-count=8"
    "memorysetup-main-allocator-block-size=16777216"
    "memorysetup-thread-allocator-block-size=16777216"
    "memorysetup-gfx-main-allocator-block-size=16777216"
    "memorysetup-gfx-thread-allocator-block-size=16777216"
    "memorysetup-cache-allocator-block-size=4194304"
    "memorysetup-typetree-allocator-block-size=2097152"
    "memorysetup-profiler-bucket-allocator-granularity=16"
    "memorysetup-profiler-bucket-allocator-bucket-count=8"
    "memorysetup-profiler-bucket-allocator-block-size=33554432"
    "memorysetup-profiler-bucket-allocator-block-count=8"
    "memorysetup-profiler-allocator-block-size=16777216"
    "memorysetup-profiler-editor-allocator-block-size=1048576"
    "memorysetup-temp-allocator-size-main=16777216"
    "memorysetup-job-temp-allocator-block-size=2097152"
    "memorysetup-job-temp-allocator-block-size-background=1048576"
    "memorysetup-job-temp-allocator-reduction-small-platforms=262144"
    "memorysetup-allocator-temp-initial-block-size-main=262144"
    "memorysetup-allocator-temp-initial-block-size-worker=262144"
    "memorysetup-temp-allocator-size-background-worker=32768"
    "memorysetup-temp-allocator-size-job-worker=262144"
    "memorysetup-temp-allocator-size-preload-manager=33554432"
    "memorysetup-temp-allocator-size-nav-mesh-worker=65536"
    "memorysetup-temp-allocator-size-audio-worker=65536"
    "memorysetup-temp-allocator-size-cloud-worker=32768"
    "memorysetup-temp-allocator-size-gi-baking-worker=262144"
    "memorysetup-temp-allocator-size-gfx=262144"
Player connection [9096] Host "[IP] 192.168.1.108 [Port] 0 [Flags] 2 [Guid] 2315861251 [EditorId] 2315861251 [Version] 1048832 [Id] WindowsEditor(7,Muhammet) [Debug] 1 [PackageName] WindowsEditor [ProjectName] Editor" joined multi-casting on [225.0.0.222:54997]...

Player connection [9096] Host "[IP] 192.168.1.108 [Port] 0 [Flags] 2 [Guid] 2315861251 [EditorId] 2315861251 [Version] 1048832 [Id] WindowsEditor(7,Muhammet) [Debug] 1 [PackageName] WindowsEditor [ProjectName] Editor" joined alternative multi-casting on [225.0.0.222:34997]...

Refreshing native plugins compatible for Editor in 10.27 ms, found 3 plugins.
Preloading 0 native plugins for Editor in 0.00 ms.
Initialize engine version: 2022.3.5f1 (9674261d40ee)
[Subsystems] Discovering subsystems at path C:/Program Files/Unity/Hub/Editor/2022.3.5f1/Editor/Data/Resources/UnitySubsystems
[Subsystems] Discovering subsystems at path C:/Users/muham/Desktop/StateMachine/Assets
GfxDevice: creating device client; threaded=0; jobified=0
Direct3D:
    Version:  Direct3D 11.0 [level 11.1]
    Renderer: NVIDIA GeForce RTX 3050 Ti Laptop GPU (ID=0x25a0)
    Vendor:   NVIDIA
    VRAM:     3976 MB
    Driver:   31.0.15.3667
Shader 'WFX/Transparent Diffuse': fallback shader 'Particles/Alpha Blended' not found
Shader 'WFX/Transparent Specular': fallback shader 'Particles/Alpha Blended' not found
Initialize mono
Mono path[0] = 'C:/Program Files/Unity/Hub/Editor/2022.3.5f1/Editor/Data/Managed'
Mono path[1] = 'C:/Program Files/Unity/Hub/Editor/2022.3.5f1/Editor/Data/MonoBleedingEdge/lib/mono/unityjit-win32'
Mono config path = 'C:/Program Files/Unity/Hub/Editor/2022.3.5f1/Editor/Data/MonoBleedingEdge/etc'
Using monoOptions --debugger-agent=transport=dt_socket,embedding=1,server=y,suspend=n,address=127.0.0.1:56096
Begin MonoManager ReloadAssembly
Registering precompiled unity dll's ...
Register platform support module: C:/Program Files/Unity/Hub/Editor/2022.3.5f1/Editor/Data/PlaybackEngines/WebGLSupport/UnityEditor.WebGL.Extensions.dll
Register platform support module: C:/Program Files/Unity/Hub/Editor/2022.3.5f1/Editor/Data/PlaybackEngines/WindowsStandaloneSupport/UnityEditor.WindowsStandalone.Extensions.dll
Registered in 0.012047 seconds.
- Loaded All Assemblies, in  0.726 seconds
Native extension for WindowsStandalone target not found
Native extension for WebGL target not found
Mono: successfully reloaded assembly
- Finished resetting the current domain, in  0.429 seconds
Domain Reload Profiling: 1153ms
	BeginReloadAssembly (182ms)
		ExecutionOrderSort (0ms)
		DisableScriptedObjects (0ms)
		BackupInstance (0ms)
		ReleaseScriptingObjects (0ms)
		CreateAndSetChildDomain (1ms)
	RebuildCommonClasses (184ms)
	RebuildNativeTypeToScriptingClass (24ms)
	initialDomainReloadingComplete (99ms)
	LoadAllAssembliesAndSetupDomain (233ms)
		LoadAssemblies (180ms)
		RebuildTransferFunctionScriptingTraits (0ms)
		AnalyzeDomain (224ms)
			TypeCache.Refresh (222ms)
				TypeCache.ScanAssembly (205ms)
			ScanForSourceGeneratedMonoScriptInfo (1ms)
			ResolveRequiredComponents (1ms)
	FinalizeReload (430ms)
		ReleaseScriptCaches (0ms)
		RebuildScriptCaches (0ms)
		SetupLoadedEditorAssemblies (327ms)
			LogAssemblyErrors (0ms)
			InitializePlatformSupportModulesInManaged (16ms)
			SetLoadedEditorAssemblies (9ms)
			RefreshPlugins (0ms)
			BeforeProcessingInitializeOnLoad (3ms)
			ProcessInitializeOnLoadAttributes (213ms)
			ProcessInitializeOnLoadMethodAttributes (85ms)
			AfterProcessingInitializeOnLoad (0ms)
			EditorAssembliesLoaded (0ms)
		ExecutionOrderSort2 (0ms)
		AwakeInstancesAfterBackupRestoration (0ms)
========================================================================
Worker process is ready to serve import requests
Begin MonoManager ReloadAssembly
Symbol file LoadedFromMemory doesn't match image C:\Users\muham\Desktop\StateMachine\Library\PackageCache\com.unity.visualscripting@1.8.0\Editor\VisualScripting.Core\Dependencies\YamlDotNet\Unity.VisualScripting.YamlDotNet.dll
Symbol file LoadedFromMemory doesn't match image C:\Users\muham\Desktop\StateMachine\Library\PackageCache\com.unity.visualscripting@1.8.0\Editor\VisualScripting.Core\Dependencies\DotNetZip\Unity.VisualScripting.IonicZip.dll
- Loaded All Assemblies, in  1.192 seconds
Refreshing native plugins compatible for Editor in 4.48 ms, found 3 plugins.
Native extension for WindowsStandalone target not found
Native extension for WebGL target not found
Mono: successfully reloaded assembly
- Finished resetting the current domain, in  1.783 seconds
Domain Reload Profiling: 2972ms
	BeginReloadAssembly (237ms)
		ExecutionOrderSort (0ms)
		DisableScriptedObjects (9ms)
		BackupInstance (0ms)
		ReleaseScriptingObjects (0ms)
		CreateAndSetChildDomain (33ms)
	RebuildCommonClasses (60ms)
	RebuildNativeTypeToScriptingClass (19ms)
	initialDomainReloadingComplete (78ms)
	LoadAllAssembliesAndSetupDomain (794ms)
		LoadAssemblies (415ms)
		RebuildTransferFunctionScriptingTraits (0ms)
		AnalyzeDomain (474ms)
			TypeCache.Refresh (437ms)
				TypeCache.ScanAssembly (417ms)
			ScanForSourceGeneratedMonoScriptInfo (29ms)
			ResolveRequiredComponents (8ms)
	FinalizeReload (1784ms)
		ReleaseScriptCaches (0ms)
		RebuildScriptCaches (0ms)
		SetupLoadedEditorAssemblies (1476ms)
			LogAssemblyErrors (0ms)
			InitializePlatformSupportModulesInManaged (13ms)
			SetLoadedEditorAssemblies (7ms)
			RefreshPlugins (0ms)
			BeforeProcessingInitializeOnLoad (116ms)
			ProcessInitializeOnLoadAttributes (1274ms)
			ProcessInitializeOnLoadMethodAttributes (48ms)
			AfterProcessingInitializeOnLoad (18ms)
			EditorAssembliesLoaded (0ms)
		ExecutionOrderSort2 (0ms)
		AwakeInstancesAfterBackupRestoration (21ms)
Shader 'WFX/Transparent Specular': fallback shader 'Particles/Alpha Blended' not found
Shader 'WFX/Transparent Diffuse': fallback shader 'Particles/Alpha Blended' not found
Launched and connected shader compiler UnityShaderCompiler.exe after 0.08 seconds
Refreshing native plugins compatible for Editor in 8.70 ms, found 3 plugins.
Preloading 0 native plugins for Editor in 0.00 ms.
Unloading 3618 Unused Serialized files (Serialized files now loaded: 0)
Unloading 49 unused Assets / (1.3 MB). Loaded Objects now: 4089.
Memory consumption went from 164.8 MB to 163.5 MB.
Total: 10.143700 ms (FindLiveObjects: 0.441800 ms CreateObjectMapping: 0.366800 ms MarkObjects: 8.672900 ms  DeleteObjects: 0.659400 ms)

AssetImportParameters requested are different than current active one (requested -> active):
  custom:container-demuxer-ogg: 62fdf1f143b41e24485cea50d1cbac27 -> 
  custom:video-codec-MediaFoundation-h265: 746d11721c4dcdbdad8f713fa42b33f4 -> 
  custom:video-decoder-ogg-theora: a1e56fd34408186e4bbccfd4996cb3dc -> 
  custom:framework-win-MediaFoundation: 216162199b28c13a410421893ffa2e32 -> 
  custom:container-demuxer-webm: 4f35f7cbe854078d1ac9338744f61a02 -> 
  custom:container-muxer-webm: aa71ff27fc2769a1b78a27578f13a17b -> 
  custom:video-decoder-webm-vp8: 9c59270c3fd7afecdb556c50c9e8de78 -> 
  custom:AudioImporter_EditorPlatform: d09bf68614088b80899f8185d706f6e7 -> 
  custom:video-encoder-webm-vp8: eb34c28f22e8b96e1ab97ce403110664 -> 
  custom:audio-decoder-ogg-vorbis: bf7c407c2cedff20999df2af8eb42d56 -> 
  custom:audio-encoder-webm-vorbis: bf7c407c2cedff20999df2af8eb42d56 -> 
========================================================================
Received Import Request.
  Time since last request: 245468.207826 seconds.
  path: Assets/Scenes/SampleScene.unity
  artifactKey: Guid(9fc0d4010bbf28b4594072e72b8655ab) Importer(815301076,1909f56bfc062723c751e8b465ee728b)
Start importing Assets/Scenes/SampleScene.unity using Guid(9fc0d4010bbf28b4594072e72b8655ab) Importer(815301076,1909f56bfc062723c751e8b465ee728b)  -> (artifact id: '2ef6c991e2b42be0d2e517a76dfa59a0') in 0.005074 seconds
Number of updated asset objects reloaded before import = 0
Number of asset objects unloaded after import = 0
========================================================================
Received Prepare
Shader 'WFX/Transparent Specular': fallback shader 'Particles/Alpha Blended' not found
Shader 'WFX/Transparent Diffuse': fallback shader 'Particles/Alpha Blended' not found
Refreshing native plugins compatible for Editor in 3.86 ms, found 3 plugins.
Preloading 0 native plugins for Editor in 0.00 ms.
Unloading 12 Unused Serialized files (Serialized files now loaded: 0)
Unloading 13 unused Assets / (1.2 MB). Loaded Objects now: 4089.
Memory consumption went from 95.0 MB to 93.7 MB.
Total: 4.377000 ms (FindLiveObjects: 0.317400 ms CreateObjectMapping: 0.133800 ms MarkObjects: 3.700200 ms  DeleteObjects: 0.224500 ms)

Prepare: number of updated asset objects reloaded= 0
AssetImportParameters requested are different than current active one (requested -> active):
  custom:container-demuxer-ogg: 62fdf1f143b41e24485cea50d1cbac27 -> 
  custom:video-codec-MediaFoundation-h265: 746d11721c4dcdbdad8f713fa42b33f4 -> 
  custom:video-decoder-ogg-theora: a1e56fd34408186e4bbccfd4996cb3dc -> 
  custom:framework-win-MediaFoundation: 216162199b28c13a410421893ffa2e32 -> 
  custom:CustomObjectIndexerAttribute: 756ad292c208cfabdd7b50bc23989ffe -> 
  custom:container-demuxer-webm: 4f35f7cbe854078d1ac9338744f61a02 -> 
  custom:container-muxer-webm: aa71ff27fc2769a1b78a27578f13a17b -> 
  custom:video-decoder-webm-vp8: 9c59270c3fd7afecdb556c50c9e8de78 -> 
  custom:AudioImporter_EditorPlatform: d09bf68614088b80899f8185d706f6e7 -> 
  custom:video-encoder-webm-vp8: eb34c28f22e8b96e1ab97ce403110664 -> 
  custom:audio-decoder-ogg-vorbis: bf7c407c2cedff20999df2af8eb42d56 -> 
  custom:audio-encoder-webm-vorbis: bf7c407c2cedff20999df2af8eb42d56 -> 
========================================================================
Received Import Request.
  Time since last request: 34.623272 seconds.
  path: Assets/AssetStore_Asset/Axe
  artifactKey: Guid(5c9b8fef9c6af254c9f0c7a105b09eb8) Importer(815301076,1909f56bfc062723c751e8b465ee728b)
Start importing Assets/AssetStore_Asset/Axe using Guid(5c9b8fef9c6af254c9f0c7a105b09eb8) Importer(815301076,1909f56bfc062723c751e8b465ee728b)  -> (artifact id: '68f08b1c1190d5e08feb0d16f62804c5') in 0.005063 seconds
Number of updated asset objects reloaded before import = 0
Number of asset objects unloaded after import = 0
========================================================================
Received Import Request.
  Time since last request: 1.721130 seconds.
  path: Assets/AssetStore_Asset/Axe/AxeScene.unity
  artifactKey: Guid(29e5f8b972dc16a4b8a89ac34aaf91c0) Importer(815301076,1909f56bfc062723c751e8b465ee728b)
Start importing Assets/AssetStore_Asset/Axe/AxeScene.unity using Guid(29e5f8b972dc16a4b8a89ac34aaf91c0) Importer(815301076,1909f56bfc062723c751e8b465ee728b)  -> (artifact id: '44d1256241e09d83a01f63bce136e310') in 0.000783 seconds
Number of updated asset objects reloaded before import = 0
Number of asset objects unloaded after import = 0
========================================================================
Received Import Request.
  Time since last request: 1.394416 seconds.
  path: Assets/AssetStore_Asset/Axe/axe.prefab
  artifactKey: Guid(a6f75ae2198bd1e47b95c317412b3ef3) Importer(815301076,1909f56bfc062723c751e8b465ee728b)
Start importing Assets/AssetStore_Asset/Axe/axe.prefab using Guid(a6f75ae2198bd1e47b95c317412b3ef3) Importer(815301076,1909f56bfc062723c751e8b465ee728b)  -> (artifact id: 'ef32b957a0c4fa1e3bebc9938ba41ddf') in 0.397246 seconds
Number of updated asset objects reloaded before import = 0
Number of asset objects unloaded after import = 11
========================================================================
Received Import Request.
  Time since last request: 19.852077 seconds.
  path: Assets/AssetStore_Asset/Axe/axe.obj
  artifactKey: Guid(c160772856436f4418a29e03faa16e3e) Importer(815301076,1909f56bfc062723c751e8b465ee728b)
Start importing Assets/AssetStore_Asset/Axe/axe.obj using Guid(c160772856436f4418a29e03faa16e3e) Importer(815301076,1909f56bfc062723c751e8b465ee728b)  -> (artifact id: '2135d706c93276060934cf69c829f27c') in 0.285288 seconds
Number of updated asset objects reloaded before import = 0
Number of asset objects unloaded after import = 11
========================================================================
Received Import Request.
  Time since last request: 0.590239 seconds.
  path: Assets/AssetStore_Asset/Axe/axe.png
  artifactKey: Guid(f79074e16e670c84ba279f50e0981dd3) Importer(815301076,1909f56bfc062723c751e8b465ee728b)
Start importing Assets/AssetStore_Asset/Axe/axe.png using Guid(f79074e16e670c84ba279f50e0981dd3) Importer(815301076,1909f56bfc062723c751e8b465ee728b)  -> (artifact id: 'a60fdc85fc76c4ddfb245df69de61985') in 0.033041 seconds
Number of updated asset objects reloaded before import = 0
Number of asset objects unloaded after import = 2
========================================================================
Received Import Request.
  Time since last request: 26.165061 seconds.
  path: Assets/AssetStore_Asset/Easy FPS/Model_Animations_Textures
  artifactKey: Guid(8ddb7738b6ccaed42ad571375f006dfc) Importer(815301076,1909f56bfc062723c751e8b465ee728b)
Start importing Assets/AssetStore_Asset/Easy FPS/Model_Animations_Textures using Guid(8ddb7738b6ccaed42ad571375f006dfc) Importer(815301076,1909f56bfc062723c751e8b465ee728b)  -> (artifact id: '32900d2706efe621125edcf178ece29f') in 0.000874 seconds
Number of updated asset objects reloaded before import = 0
Number of asset objects unloaded after import = 0
========================================================================
Received Import Request.
  Time since last request: 0.717807 seconds.
  path: Assets/AssetStore_Asset/Easy FPS/Model_Animations_Textures/main character
  artifactKey: Guid(1433ee16f7924b14f9fc7311ecf3c113) Importer(815301076,1909f56bfc062723c751e8b465ee728b)
Start importing Assets/AssetStore_Asset/Easy FPS/Model_Animations_Textures/main character using Guid(1433ee16f7924b14f9fc7311ecf3c113) Importer(815301076,1909f56bfc062723c751e8b465ee728b)  -> (artifact id: 'b5eb68b4ed6608ff0f0b809c4fbc0fac') in 0.000729 seconds
Number of updated asset objects reloaded before import = 0
Number of asset objects unloaded after import = 0
========================================================================
Received Import Request.
  Time since last request: 1.140622 seconds.
  path: Assets/AssetStore_Asset/Easy FPS/Model_Animations_Textures/main character/FPS_Character.fbx
  artifactKey: Guid(6cae2f82a0a62ff4ab9be3eeeda19688) Importer(815301076,1909f56bfc062723c751e8b465ee728b)
Start importing Assets/AssetStore_Asset/Easy FPS/Model_Animations_Textures/main character/FPS_Character.fbx using Guid(6cae2f82a0a62ff4ab9be3eeeda19688) Importer(815301076,1909f56bfc062723c751e8b465ee728b)  -> (artifact id: '80f0574e7a1b574ebc18d6d92e23d68a') in 0.411138 seconds
Number of updated asset objects reloaded before import = 0
Number of asset objects unloaded after import = 194
========================================================================
Received Import Request.
  Time since last request: 2.380543 seconds.
  path: Assets/AssetStore_Asset/Easy FPS/Model_Animations_Textures/main character/FPS_Character_prefab.prefab
  artifactKey: Guid(13c46916fa552fb4e846d566e8b3a073) Importer(815301076,1909f56bfc062723c751e8b465ee728b)
Start importing Assets/AssetStore_Asset/Easy FPS/Model_Animations_Textures/main character/FPS_Character_prefab.prefab using Guid(13c46916fa552fb4e846d566e8b3a073) Importer(815301076,1909f56bfc062723c751e8b465ee728b)  -> (artifact id: '4a51d814f5cfdead94f277cf4c74c133') in 0.046400 seconds
Number of updated asset objects reloaded before import = 0
Number of asset objects unloaded after import = 179
========================================================================
Received Import Request.
  Time since last request: 1.579086 seconds.
  path: Assets/AssetStore_Asset/Easy FPS/Model_Animations_Textures/main character/Materials
  artifactKey: Guid(eeeeb7cf4b33ddb4e86ef942acd3ccd0) Importer(815301076,1909f56bfc062723c751e8b465ee728b)
Start importing Assets/AssetStore_Asset/Easy FPS/Model_Animations_Textures/main character/Materials using Guid(eeeeb7cf4b33ddb4e86ef942acd3ccd0) Importer(815301076,1909f56bfc062723c751e8b465ee728b)  -> (artifact id: '7b5ef61cbda04b57ef365ebc3b63c019') in 0.000957 seconds
Number of updated asset objects reloaded before import = 0
Number of asset objects unloaded after import = 0
========================================================================
Received Import Request.
  Time since last request: 18.543635 seconds.
  path: Assets/AssetStore_Asset/Michal Sekela/Axes prop
  artifactKey: Guid(a9d9618ae5ceb7145b99929aff930113) Importer(815301076,1909f56bfc062723c751e8b465ee728b)
Start importing Assets/AssetStore_Asset/Michal Sekela/Axes prop using Guid(a9d9618ae5ceb7145b99929aff930113) Importer(815301076,1909f56bfc062723c751e8b465ee728b)  -> (artifact id: '42c86188af9d60873664ad3a32c8beb9') in 0.000696 seconds
Number of updated asset objects reloaded before import = 0
Number of asset objects unloaded after import = 0
========================================================================
Received Import Request.
  Time since last request: 24.784579 seconds.
  path: Assets/AssetStore_Asset/TriForge Assets/_URP Content - Fantasy Worlds - Old Forest DEMO.unitypackage
  artifactKey: Guid(54d79775f2096ff4bb7e7287bc954519) Importer(815301076,1909f56bfc062723c751e8b465ee728b)
Start importing Assets/AssetStore_Asset/TriForge Assets/_URP Content - Fantasy Worlds - Old Forest DEMO.unitypackage using Guid(54d79775f2096ff4bb7e7287bc954519) Importer(815301076,1909f56bfc062723c751e8b465ee728b)  -> (artifact id: '87e2a7409e5d06e375bdeeec790c3572') in 0.001462 seconds
Number of updated asset objects reloaded before import = 0
Number of asset objects unloaded after import = 1
========================================================================
Received Import Request.
  Time since last request: 0.668506 seconds.
  path: Assets/AssetStore_Asset/TriForge Assets/Fantasy Worlds - DEMO Content
  artifactKey: Guid(9101c4cb025f8614c9d2b7baf0ad4144) Importer(815301076,1909f56bfc062723c751e8b465ee728b)
Start importing Assets/AssetStore_Asset/TriForge Assets/Fantasy Worlds - DEMO Content using Guid(9101c4cb025f8614c9d2b7baf0ad4144) Importer(815301076,1909f56bfc062723c751e8b465ee728b)  -> (artifact id: 'ed1e16b76415e4434100230416d866f1') in 0.000768 seconds
Number of updated asset objects reloaded before import = 0
Number of asset objects unloaded after import = 0
========================================================================
Received Import Request.
  Time since last request: 0.536740 seconds.
  path: Assets/AssetStore_Asset/TriForge Assets/_BiRP Content - Fantasy Worlds - Old Forest DEMO.unitypackage
  artifactKey: Guid(feccc38ddc8c9d2418dfa82727c8c4ca) Importer(815301076,1909f56bfc062723c751e8b465ee728b)
Start importing Assets/AssetStore_Asset/TriForge Assets/_BiRP Content - Fantasy Worlds - Old Forest DEMO.unitypackage using Guid(feccc38ddc8c9d2418dfa82727c8c4ca) Importer(815301076,1909f56bfc062723c751e8b465ee728b)  -> (artifact id: 'ddd09cee60f305738d58b2c69edd9ee9') in 0.001335 seconds
Number of updated asset objects reloaded before import = 0
Number of asset objects unloaded after import = 1
========================================================================
Received Import Request.
  Time since last request: 48.730924 seconds.
  path: Assets/AssetStore_Asset/TriForge Assets/Fantasy Worlds - DEMO Common Files/TriForge Wind Controller.prefab
  artifactKey: Guid(b69f8301e72b3234bb08e8411fd73c53) Importer(815301076,1909f56bfc062723c751e8b465ee728b)
Start importing Assets/AssetStore_Asset/TriForge Assets/Fantasy Worlds - DEMO Common Files/TriForge Wind Controller.prefab using Guid(b69f8301e72b3234bb08e8411fd73c53) Importer(815301076,1909f56bfc062723c751e8b465ee728b)  -> (artifact id: '2ab3b1012eb1d9ce6605abb34f7242f6') in 0.004582 seconds
Number of updated asset objects reloaded before import = 0
Number of asset objects unloaded after import = 6
========================================================================
Received Import Request.
  Time since last request: 2.063742 seconds.
  path: Assets/AssetStore_Asset/TriForge Assets/Fantasy Worlds - DEMO Common Files/Textures
  artifactKey: Guid(a7e2a184768b23849b9322133b5c0aa1) Importer(815301076,1909f56bfc062723c751e8b465ee728b)
Start importing Assets/AssetStore_Asset/TriForge Assets/Fantasy Worlds - DEMO Common Files/Textures using Guid(a7e2a184768b23849b9322133b5c0aa1) Importer(815301076,1909f56bfc062723c751e8b465ee728b)  -> (artifact id: '3f596b4de9ce7a2bf90297b62df44adc') in 0.000696 seconds
Number of updated asset objects reloaded before import = 0
Number of asset objects unloaded after import = 0
========================================================================
Received Import Request.
  Time since last request: 0.399088 seconds.
  path: Assets/AssetStore_Asset/TriForge Assets/Fantasy Worlds - DEMO Common Files/Shaders
  artifactKey: Guid(1eb4615ba82875c4a8d3974c4b342dda) Importer(815301076,1909f56bfc062723c751e8b465ee728b)
Start importing Assets/AssetStore_Asset/TriForge Assets/Fantasy Worlds - DEMO Common Files/Shaders using Guid(1eb4615ba82875c4a8d3974c4b342dda) Importer(815301076,1909f56bfc062723c751e8b465ee728b)  -> (artifact id: 'edb51939d468803ee80c089b0d9cbda5') in 0.000768 seconds
Number of updated asset objects reloaded before import = 0
Number of asset objects unloaded after import = 0
========================================================================
Received Import Request.
  Time since last request: 1.081151 seconds.
  path: Assets/AssetStore_Asset/TriForge Assets/Fantasy Worlds - DEMO Common Files/Scripts
  artifactKey: Guid(8898b6d6550f6474ea01d522a05a1824) Importer(815301076,1909f56bfc062723c751e8b465ee728b)
Start importing Assets/AssetStore_Asset/TriForge Assets/Fantasy Worlds - DEMO Common Files/Scripts using Guid(8898b6d6550f6474ea01d522a05a1824) Importer(815301076,1909f56bfc062723c751e8b465ee728b)  -> (artifact id: '8359b4e5605b7bd9161161d238bc7a00') in 0.000751 seconds
Number of updated asset objects reloaded before import = 0
Number of asset objects unloaded after import = 0
========================================================================
Received Import Request.
  Time since last request: 10.208069 seconds.
  path: Assets/AssetStore_Asset/TriForge Assets/Fantasy Worlds - DEMO Content/Scenes/Built-in Renderer/fwOF_FreeDemo_Assets.unity
  artifactKey: Guid(960a6dd7f1e683747ad619c5772d703d) Importer(815301076,1909f56bfc062723c751e8b465ee728b)
Start importing Assets/AssetStore_Asset/TriForge Assets/Fantasy Worlds - DEMO Content/Scenes/Built-in Renderer/fwOF_FreeDemo_Assets.unity using Guid(960a6dd7f1e683747ad619c5772d703d) Importer(815301076,1909f56bfc062723c751e8b465ee728b)  -> (artifact id: '62410355a770be1929891946df46d1ac') in 0.000762 seconds
Number of updated asset objects reloaded before import = 0
Number of asset objects unloaded after import = 0
========================================================================
Received Import Request.
  Time since last request: 3.609098 seconds.
  path: Assets/AssetStore_Asset/TriForge Assets/Fantasy Worlds - DEMO Content/Scenes/Built-in Renderer/fwOF_FreeDemo_OldForest.unity
  artifactKey: Guid(598777387c5505646bbe75b3445e21dc) Importer(815301076,1909f56bfc062723c751e8b465ee728b)
Start importing Assets/AssetStore_Asset/TriForge Assets/Fantasy Worlds - DEMO Content/Scenes/Built-in Renderer/fwOF_FreeDemo_OldForest.unity using Guid(598777387c5505646bbe75b3445e21dc) Importer(815301076,1909f56bfc062723c751e8b465ee728b)  -> (artifact id: '4202e59a50fe025912ccc9f97f73b649') in 0.000686 seconds
Number of updated asset objects reloaded before import = 0
Number of asset objects unloaded after import = 0
========================================================================
Received Import Request.
  Time since last request: 18.245487 seconds.
  path: Assets/AssetStore_Asset/TriForge Assets/Fantasy Worlds - DEMO Content/Scenes/Built-in Renderer/Demo Scene Files
  artifactKey: Guid(8a0e58f210b9cc548adae5ff6c32a0f9) Importer(815301076,1909f56bfc062723c751e8b465ee728b)
Start importing Assets/AssetStore_Asset/TriForge Assets/Fantasy Worlds - DEMO Content/Scenes/Built-in Renderer/Demo Scene Files using Guid(8a0e58f210b9cc548adae5ff6c32a0f9) Importer(815301076,1909f56bfc062723c751e8b465ee728b)  -> (artifact id: '52a9db69e52f21dc113cab4b2cc4ba90') in 0.000743 seconds
Number of updated asset objects reloaded before import = 0
Number of asset objects unloaded after import = 0
========================================================================
Received Import Request.
  Time since last request: 88.940403 seconds.
  path: Assets/AssetStore_Asset/TriForge Assets/Fantasy Worlds - DEMO Content/Scenes/Built-in Renderer
  artifactKey: Guid(c7adf7e6cc77486499a3f3b8be3262d1) Importer(815301076,1909f56bfc062723c751e8b465ee728b)
Start importing Assets/AssetStore_Asset/TriForge Assets/Fantasy Worlds - DEMO Content/Scenes/Built-in Renderer using Guid(c7adf7e6cc77486499a3f3b8be3262d1) Importer(815301076,1909f56bfc062723c751e8b465ee728b)  -> (artifact id: 'a613c3d345d40d45c723ed29d9fda5aa') in 0.000682 seconds
Number of updated asset objects reloaded before import = 0
Number of asset objects unloaded after import = 0
========================================================================
Received Import Request.
  Time since last request: 49.241020 seconds.
  path: Assets/AssetStore_Asset/TriForge Assets/Fantasy Worlds - DEMO Content/Textures/Terrain
  artifactKey: Guid(d60fa978a14e0b546ac22488059df211) Importer(815301076,1909f56bfc062723c751e8b465ee728b)
Start importing Assets/AssetStore_Asset/TriForge Assets/Fantasy Worlds - DEMO Content/Textures/Terrain using Guid(d60fa978a14e0b546ac22488059df211) Importer(815301076,1909f56bfc062723c751e8b465ee728b)  -> (artifact id: '4ca7a8ef09a3fc15b9b6d126d5e5e931') in 0.000715 seconds
Number of updated asset objects reloaded before import = 0
Number of asset objects unloaded after import = 0
========================================================================
Received Import Request.
  Time since last request: 51.451293 seconds.
  path: Assets/AssetStore_Asset/TriForge Assets/Fantasy Worlds - DEMO Content/Textures/Terrain/T_fwOF_Soil_01_BC.png
  artifactKey: Guid(c22d51a617356f44d993a444d2390e92) Importer(815301076,1909f56bfc062723c751e8b465ee728b)
Start importing Assets/AssetStore_Asset/TriForge Assets/Fantasy Worlds - DEMO Content/Textures/Terrain/T_fwOF_Soil_01_BC.png using Guid(c22d51a617356f44d993a444d2390e92) Importer(815301076,1909f56bfc062723c751e8b465ee728b)  -> (artifact id: '0b4e11b5ad340ba8fc797fa099ffc5a0') in 0.030274 seconds
Number of updated asset objects reloaded before import = 0
Number of asset objects unloaded after import = 2
========================================================================
Received Import Request.
  Time since last request: 1.502042 seconds.
  path: Assets/AssetStore_Asset/TriForge Assets/Fantasy Worlds - DEMO Content/Textures/Terrain/TL_fwOF_Grass_01 1.terrainlayer
  artifactKey: Guid(a0830081e21de5046a9c36a87734f59a) Importer(815301076,1909f56bfc062723c751e8b465ee728b)
Start importing Assets/AssetStore_Asset/TriForge Assets/Fantasy Worlds - DEMO Content/Textures/Terrain/TL_fwOF_Grass_01 1.terrainlayer using Guid(a0830081e21de5046a9c36a87734f59a) Importer(815301076,1909f56bfc062723c751e8b465ee728b)  -> (artifact id: '81aafe518291b172c563454bb8e0f2de') in 0.051201 seconds
Number of updated asset objects reloaded before import = 0
Number of asset objects unloaded after import = 5
========================================================================
Received Import Request.
  Time since last request: 0.000032 seconds.
  path: Assets/AssetStore_Asset/TriForge Assets/Fantasy Worlds - DEMO Content/Textures/Terrain/T_fwOF_GrassTerrain_01_Mask.png
  artifactKey: Guid(948d0963431cb094ab356c802ce41e92) Importer(815301076,1909f56bfc062723c751e8b465ee728b)
Start importing Assets/AssetStore_Asset/TriForge Assets/Fantasy Worlds - DEMO Content/Textures/Terrain/T_fwOF_GrassTerrain_01_Mask.png using Guid(948d0963431cb094ab356c802ce41e92) Importer(815301076,1909f56bfc062723c751e8b465ee728b)  -> (artifact id: '598c6448a7beb38738f7b44813dc70a9') in 0.031230 seconds
Number of updated asset objects reloaded before import = 0
Number of asset objects unloaded after import = 2
========================================================================
Received Import Request.
  Time since last request: 0.801414 seconds.
  path: Assets/AssetStore_Asset/TriForge Assets/Fantasy Worlds - DEMO Content/Textures/Terrain/TL_fwOF_Soil_01.terrainlayer
  artifactKey: Guid(d743aa18637d1ae41b8f65b575bd6307) Importer(815301076,1909f56bfc062723c751e8b465ee728b)
Start importing Assets/AssetStore_Asset/TriForge Assets/Fantasy Worlds - DEMO Content/Textures/Terrain/TL_fwOF_Soil_01.terrainlayer using Guid(d743aa18637d1ae41b8f65b575bd6307) Importer(815301076,1909f56bfc062723c751e8b465ee728b)  -> (artifact id: '0dec06bbb848c56c56b0b3cdb314f027') in 0.042318 seconds
Number of updated asset objects reloaded before import = 0
Number of asset objects unloaded after import = 5
========================================================================
Received Import Request.
  Time since last request: 0.000024 seconds.
  path: Assets/AssetStore_Asset/TriForge Assets/Fantasy Worlds - DEMO Content/Textures/Terrain/T_fwOF_Soil_01_Mask.png
  artifactKey: Guid(bc013893a06ac034585a8a7a41cf58db) Importer(815301076,1909f56bfc062723c751e8b465ee728b)
Start importing Assets/AssetStore_Asset/TriForge Assets/Fantasy Worlds - DEMO Content/Textures/Terrain/T_fwOF_Soil_01_Mask.png using Guid(bc013893a06ac034585a8a7a41cf58db) Importer(815301076,1909f56bfc062723c751e8b465ee728b)  -> (artifact id: '89aa66817331984bc34616758e92bc69') in 0.026953 seconds
Number of updated asset objects reloaded before import = 0
Number of asset objects unloaded after import = 2
========================================================================
Received Import Request.
  Time since last request: 7.534030 seconds.
  path: Assets/AssetStore_Asset/TriForge Assets/Fantasy Worlds - DEMO Content/Prefabs/P_fwOF_Tree_M_2.prefab
  artifactKey: Guid(f33ad934dfd440e4c96b0ca0f308ee97) Importer(815301076,1909f56bfc062723c751e8b465ee728b)
Start importing Assets/AssetStore_Asset/TriForge Assets/Fantasy Worlds - DEMO Content/Prefabs/P_fwOF_Tree_M_2.prefab using Guid(f33ad934dfd440e4c96b0ca0f308ee97) Importer(815301076,1909f56bfc062723c751e8b465ee728b)  -> (artifact id: 'eced4b06adac52ca486012a111c93c05') in 1.262078 seconds
Number of updated asset objects reloaded before import = 0
Number of asset objects unloaded after import = 134
========================================================================
Received Import Request.
  Time since last request: 12.316384 seconds.
  path: Assets/AssetStore_Asset/TriForge Assets/Fantasy Worlds - DEMO Content/Textures
  artifactKey: Guid(cacaec20ba231084c8bec190d047e2c1) Importer(815301076,1909f56bfc062723c751e8b465ee728b)
Start importing Assets/AssetStore_Asset/TriForge Assets/Fantasy Worlds - DEMO Content/Textures using Guid(cacaec20ba231084c8bec190d047e2c1) Importer(815301076,1909f56bfc062723c751e8b465ee728b)  -> (artifact id: '68244baa679841d4ca690cdcb8995f73') in 0.001070 seconds
Number of updated asset objects reloaded before import = 0
Number of asset objects unloaded after import = 0
========================================================================
Received Import Request.
  Time since last request: 25.277258 seconds.
  path: Assets/TextMesh Pro/Examples & Extras/Resources/Fonts & Materials/Anton SDF.asset
  artifactKey: Guid(8a89fa14b10d46a99122fd4f73fca9a2) Importer(815301076,1909f56bfc062723c751e8b465ee728b)
Start importing Assets/TextMesh Pro/Examples & Extras/Resources/Fonts & Materials/Anton SDF.asset using Guid(8a89fa14b10d46a99122fd4f73fca9a2) Importer(815301076,1909f56bfc062723c751e8b465ee728b)  -> (artifact id: '7c0956e388913f1610c851b545787cc2') in 0.091287 seconds
Number of updated asset objects reloaded before import = 0
Number of asset objects unloaded after import = 6
========================================================================
Received Import Request.
  Time since last request: 0.000142 seconds.
  path: Assets/JMO Assets/WarFX/Demo/UI Canvas/CFX Demo Btn Ground H.png
  artifactKey: Guid(5cc9c4a6db9a74a40aaed761fc99294c) Importer(815301076,1909f56bfc062723c751e8b465ee728b)
Start importing Assets/JMO Assets/WarFX/Demo/UI Canvas/CFX Demo Btn Ground H.png using Guid(5cc9c4a6db9a74a40aaed761fc99294c) Importer(815301076,1909f56bfc062723c751e8b465ee728b)  -> (artifact id: '69bbce7094e13c929a055b5fc097f557') in 0.067770 seconds
Number of updated asset objects reloaded before import = 0
Number of asset objects unloaded after import = 3
========================================================================
Received Import Request.
  Time since last request: 0.000085 seconds.
  path: Assets/JMO Assets/WarFX/Demo/UI Canvas/CFX Demo Btn Camera.png
  artifactKey: Guid(4c72f3c555f96274787f31379fabb6ff) Importer(815301076,1909f56bfc062723c751e8b465ee728b)
Start importing Assets/JMO Assets/WarFX/Demo/UI Canvas/CFX Demo Btn Camera.png using Guid(4c72f3c555f96274787f31379fabb6ff) Importer(815301076,1909f56bfc062723c751e8b465ee728b)  -> (artifact id: 'bb9cb87a1292229118d125bbfd40b1c0') in 0.042149 seconds
Number of updated asset objects reloaded before import = 0
Number of asset objects unloaded after import = 3
========================================================================
Received Import Request.
  Time since last request: 0.000022 seconds.
  path: Assets/AssetStore_Asset/Wooden_Canopy/maps/Drova_Albedo.tga
  artifactKey: Guid(8db69daeeed40dc44ba42402defaad95) Importer(815301076,1909f56bfc062723c751e8b465ee728b)
Start importing Assets/AssetStore_Asset/Wooden_Canopy/maps/Drova_Albedo.tga using Guid(8db69daeeed40dc44ba42402defaad95) Importer(815301076,1909f56bfc062723c751e8b465ee728b)  -> (artifact id: '8b7209706cac1b9e3bfc8d2b7eaa1df6') in 0.040745 seconds
Number of updated asset objects reloaded before import = 0
Number of asset objects unloaded after import = 2
========================================================================
Received Import Request.
  Time since last request: 0.000036 seconds.
  path: Assets/AssetStore_Asset/Wooden_Canopy/maps/Drova_normal.tga
  artifactKey: Guid(f9cf1184d22652d48a00b613acd96d30) Importer(815301076,1909f56bfc062723c751e8b465ee728b)
Start importing Assets/AssetStore_Asset/Wooden_Canopy/maps/Drova_normal.tga using Guid(f9cf1184d22652d48a00b613acd96d30) Importer(815301076,1909f56bfc062723c751e8b465ee728b)  -> (artifact id: '74d6e48c603472e7e3969a41d0434cca') in 0.054982 seconds
Number of updated asset objects reloaded before import = 0
Number of asset objects unloaded after import = 2
========================================================================
Received Import Request.
  Time since last request: 0.000046 seconds.
  path: Assets/JMO Assets/WarFX/Demo/UI Canvas/CFX Demo Btn SlowMo H.png
  artifactKey: Guid(48624f05b683e4a4ab1a142e40fd6971) Importer(815301076,1909f56bfc062723c751e8b465ee728b)
Start importing Assets/JMO Assets/WarFX/Demo/UI Canvas/CFX Demo Btn SlowMo H.png using Guid(48624f05b683e4a4ab1a142e40fd6971) Importer(815301076,1909f56bfc062723c751e8b465ee728b)  -> (artifact id: '2f49a21c85f7958b3048c639a6cc0f09') in 0.037406 seconds
Number of updated asset objects reloaded before import = 0
Number of asset objects unloaded after import = 3
========================================================================
Received Import Request.
  Time since last request: 0.000025 seconds.
  path: Assets/TextMesh Pro/Examples & Extras/Textures/Floor Tiles 1 - diffuse.jpg
  artifactKey: Guid(85ac55597b97403c82fc6601a93cf241) Importer(815301076,1909f56bfc062723c751e8b465ee728b)
Start importing Assets/TextMesh Pro/Examples & Extras/Textures/Floor Tiles 1 - diffuse.jpg using Guid(85ac55597b97403c82fc6601a93cf241) Importer(815301076,1909f56bfc062723c751e8b465ee728b)  -> (artifact id: 'f32b608cebba2e7986ee832e06a8b6e1') in 0.039511 seconds
Number of updated asset objects reloaded before import = 0
Number of asset objects unloaded after import = 2
========================================================================
Received Import Request.
  Time since last request: 0.000035 seconds.
  path: Assets/AssetStore_Asset/Easy FPS/Model_Animations_Textures/main character/Textures/Hands_Albedo.png
  artifactKey: Guid(e24eaabb02b65064e9b551f2517d09d3) Importer(815301076,1909f56bfc062723c751e8b465ee728b)
Start importing Assets/AssetStore_Asset/Easy FPS/Model_Animations_Textures/main character/Textures/Hands_Albedo.png using Guid(e24eaabb02b65064e9b551f2517d09d3) Importer(815301076,1909f56bfc062723c751e8b465ee728b)  -> (artifact id: 'f5a30d62eb87c46baf605d1845f0e953') in 0.035320 seconds
Number of updated asset objects reloaded before import = 0
Number of asset objects unloaded after import = 2
========================================================================
Received Import Request.
  Time since last request: 0.000062 seconds.
  path: Assets/Prefab/UI/ExitButton.png
  artifactKey: Guid(83014198075c95d468f2e37c7e16ba37) Importer(815301076,1909f56bfc062723c751e8b465ee728b)
Start importing Assets/Prefab/UI/ExitButton.png using Guid(83014198075c95d468f2e37c7e16ba37) Importer(815301076,1909f56bfc062723c751e8b465ee728b)  -> (artifact id: '25ce8f94e436e8179061ce24836af231') in 0.045798 seconds
Number of updated asset objects reloaded before import = 0
Number of asset objects unloaded after import = 3
========================================================================
Received Import Request.
  Time since last request: 0.000066 seconds.
  path: Assets/TextMesh Pro/Examples & Extras/Resources/Fonts & Materials/Electronic Highway Sign SDF.asset
  artifactKey: Guid(dc36b3fdc14f47ebb36fd484a67e268a) Importer(815301076,1909f56bfc062723c751e8b465ee728b)
Start importing Assets/TextMesh Pro/Examples & Extras/Resources/Fonts & Materials/Electronic Highway Sign SDF.asset using Guid(dc36b3fdc14f47ebb36fd484a67e268a) Importer(815301076,1909f56bfc062723c751e8b465ee728b)  -> (artifact id: '19f5dfd193b4d1dbc369617c041e239e') in 0.049400 seconds
Number of updated asset objects reloaded before import = 0
Number of asset objects unloaded after import = 6
========================================================================
Received Import Request.
  Time since last request: 0.000045 seconds.
  path: Assets/TextMesh Pro/Examples & Extras/Sprites/Default Sprites.png
  artifactKey: Guid(a0fc465d6cf04254a2938578735e2383) Importer(815301076,1909f56bfc062723c751e8b465ee728b)
Start importing Assets/TextMesh Pro/Examples & Extras/Sprites/Default Sprites.png using Guid(a0fc465d6cf04254a2938578735e2383) Importer(815301076,1909f56bfc062723c751e8b465ee728b)  -> (artifact id: 'f9690deda7717e452078977974286498') in 0.037300 seconds
Number of updated asset objects reloaded before import = 0
Number of asset objects unloaded after import = 2
========================================================================
Received Import Request.
  Time since last request: 0.000032 seconds.
  path: Assets/AssetStore_Asset/Survival Kit Lite/Apple/Textures/Apple_ao.png
  artifactKey: Guid(4bc3ac9cf74f82246a16e990cf6f3a3f) Importer(815301076,1909f56bfc062723c751e8b465ee728b)
Start importing Assets/AssetStore_Asset/Survival Kit Lite/Apple/Textures/Apple_ao.png using Guid(4bc3ac9cf74f82246a16e990cf6f3a3f) Importer(815301076,1909f56bfc062723c751e8b465ee728b)  -> (artifact id: 'eb466cad72b1aa3f451d572ac005e43d') in 0.034664 seconds
Number of updated asset objects reloaded before import = 0
Number of asset objects unloaded after import = 2
========================================================================
Received Import Request.
  Time since last request: 0.000058 seconds.
  path: Assets/TextMesh Pro/Examples & Extras/Textures/Gradient Horizontal (Color).jpg
  artifactKey: Guid(6eb184de103d4b3f812b38561065192f) Importer(815301076,1909f56bfc062723c751e8b465ee728b)
Start importing Assets/TextMesh Pro/Examples & Extras/Textures/Gradient Horizontal (Color).jpg using Guid(6eb184de103d4b3f812b38561065192f) Importer(815301076,1909f56bfc062723c751e8b465ee728b)  -> (artifact id: '7c7ff91dfff5e879daa5ca2503ba95bf') in 0.031361 seconds
Number of updated asset objects reloaded before import = 0
Number of asset objects unloaded after import = 2
========================================================================
Received Import Request.
  Time since last request: 0.000054 seconds.
  path: Assets/TextMesh Pro/Examples & Extras/Textures/Gradient Diagonal (Color).jpg
  artifactKey: Guid(2ce5c55e85304b819a1826ecbc839aa5) Importer(815301076,1909f56bfc062723c751e8b465ee728b)
Start importing Assets/TextMesh Pro/Examples & Extras/Textures/Gradient Diagonal (Color).jpg using Guid(2ce5c55e85304b819a1826ecbc839aa5) Importer(815301076,1909f56bfc062723c751e8b465ee728b)  -> (artifact id: '3289d10e1bc071c4cf4254e1799a393f') in 0.028727 seconds
Number of updated asset objects reloaded before import = 0
Number of asset objects unloaded after import = 2
========================================================================
Received Import Request.
  Time since last request: 0.000058 seconds.
  path: Assets/TextMesh Pro/Examples & Extras/Sprites/DropCap Numbers.psd
  artifactKey: Guid(fd09957580ac4326916010f1f260975b) Importer(815301076,1909f56bfc062723c751e8b465ee728b)
Start importing Assets/TextMesh Pro/Examples & Extras/Sprites/DropCap Numbers.psd using Guid(fd09957580ac4326916010f1f260975b) Importer(815301076,1909f56bfc062723c751e8b465ee728b)  -> (artifact id: '89d69f5a007056dcbd82c5844e2ae405') in 0.032567 seconds
Number of updated asset objects reloaded before import = 0
Number of asset objects unloaded after import = 2
========================================================================
Received Import Request.
  Time since last request: 0.000033 seconds.
  path: Assets/TextMesh Pro/Sprites/EmojiOne.png
  artifactKey: Guid(dffef66376be4fa480fb02b19edbe903) Importer(815301076,1909f56bfc062723c751e8b465ee728b)
Start importing Assets/TextMesh Pro/Sprites/EmojiOne.png using Guid(dffef66376be4fa480fb02b19edbe903) Importer(815301076,1909f56bfc062723c751e8b465ee728b)  -> (artifact id: '3d2d32627056df4b5a19f0afe6430194') in 0.039713 seconds
Number of updated asset objects reloaded before import = 0
Number of asset objects unloaded after import = 2
========================================================================
Received Import Request.
  Time since last request: 0.000026 seconds.
  path: Assets/JMO Assets/WarFX/Demo/UI Canvas/CFX Demo Btn Arrow R.png
  artifactKey: Guid(3783f195e2c8dc84cb1461fbe881e9cb) Importer(815301076,1909f56bfc062723c751e8b465ee728b)
Start importing Assets/JMO Assets/WarFX/Demo/UI Canvas/CFX Demo Btn Arrow R.png using Guid(3783f195e2c8dc84cb1461fbe881e9cb) Importer(815301076,1909f56bfc062723c751e8b465ee728b)  -> (artifact id: '00fda7e87f1ef0d142211d892cec0c2b') in 0.038160 seconds
Number of updated asset objects reloaded before import = 0
Number of asset objects unloaded after import = 3
========================================================================
Received Import Request.
  Time since last request: 0.000034 seconds.
  path: Assets/AssetStore_Asset/Michal Sekela/Axes prop/Textures/axes_Color.png
  artifactKey: Guid(86d574a9c496a4d4b9576e29310ad050) Importer(815301076,1909f56bfc062723c751e8b465ee728b)
Start importing Assets/AssetStore_Asset/Michal Sekela/Axes prop/Textures/axes_Color.png using Guid(86d574a9c496a4d4b9576e29310ad050) Importer(815301076,1909f56bfc062723c751e8b465ee728b)  -> (artifact id: '2ac8d393bcbf43edb5c117a1c987a21a') in 0.035545 seconds
Number of updated asset objects reloaded before import = 0
Number of asset objects unloaded after import = 2
========================================================================
Received Import Request.
  Time since last request: 0.000029 seconds.
  path: Assets/TextMesh Pro/Examples & Extras/Textures/Fruit Jelly (B&W).jpg
  artifactKey: Guid(1cdc5b506b1a4a33a53c30669ced1f51) Importer(815301076,1909f56bfc062723c751e8b465ee728b)
Start importing Assets/TextMesh Pro/Examples & Extras/Textures/Fruit Jelly (B&W).jpg using Guid(1cdc5b506b1a4a33a53c30669ced1f51) Importer(815301076,1909f56bfc062723c751e8b465ee728b)  -> (artifact id: '9b78b38cac800e002a6d56eab96297d3') in 0.037602 seconds
Number of updated asset objects reloaded before import = 0
Number of asset objects unloaded after import = 2
========================================================================
Received Import Request.
  Time since last request: 0.000035 seconds.
  path: Assets/AssetStore_Asset/Survival Kit Lite/Apple/Textures/Apple_Normal.png
  artifactKey: Guid(22a50d34773f6e14883947891a2316e9) Importer(815301076,1909f56bfc062723c751e8b465ee728b)
Start importing Assets/AssetStore_Asset/Survival Kit Lite/Apple/Textures/Apple_Normal.png using Guid(22a50d34773f6e14883947891a2316e9) Importer(815301076,1909f56bfc062723c751e8b465ee728b)  -> (artifact id: '16923e1db894a15059f26a0ec49a9084') in 0.039122 seconds
Number of updated asset objects reloaded before import = 0
Number of asset objects unloaded after import = 2
========================================================================
Received Import Request.
  Time since last request: 0.000078 seconds.
  path: Assets/TextMesh Pro/Examples & Extras/Textures/Floor Cement.jpg
  artifactKey: Guid(283f897e4925411ebbaa758b4cb13fc2) Importer(815301076,1909f56bfc062723c751e8b465ee728b)
Start importing Assets/TextMesh Pro/Examples & Extras/Textures/Floor Cement.jpg using Guid(283f897e4925411ebbaa758b4cb13fc2) Importer(815301076,1909f56bfc062723c751e8b465ee728b)  -> (artifact id: 'f0e95496520b0e6d8e548fa4ac324ba8') in 0.035577 seconds
Number of updated asset objects reloaded before import = 0
Number of asset objects unloaded after import = 2
========================================================================
Received Import Request.
  Time since last request: 0.000053 seconds.
  path: Assets/JMO Assets/WarFX/Demo/UI Canvas/CFX Demo Btn Ground.png
  artifactKey: Guid(a2bcf923df54ffa4ba7e795955c5dc22) Importer(815301076,1909f56bfc062723c751e8b465ee728b)
Start importing Assets/JMO Assets/WarFX/Demo/UI Canvas/CFX Demo Btn Ground.png using Guid(a2bcf923df54ffa4ba7e795955c5dc22) Importer(815301076,1909f56bfc062723c751e8b465ee728b)  -> (artifact id: '8ad11afc72ed332afe2ebc1cacb30e13') in 0.044337 seconds
Number of updated asset objects reloaded before import = 0
Number of asset objects unloaded after import = 3
